<?xml version="1.0" encoding="UTF-8"?>
<!-- Generated by org.testng.reporters.JUnitReportReporter -->
<testsuite skipped="0" hostname="ip-172-31-64-30" name="testNG.Testcase1" tests="3" failures="0" timestamp="14 Aug 2021 15:20:44 GMT" time="0.009" errors="0">
  <testcase name="HomeLoanTest2" time="0.006" classname="testNG.Testcase1"/>
  <testcase name="HomeLoanTest1" time="0.001" classname="testNG.Testcase1"/>
  <testcase name="CarLoanTest1" time="0.002" classname="testNG.Testcase1"/>
</testsuite> <!-- testNG.Testcase1 -->
