<?xml version="1.0" encoding="UTF-8"?>
<!-- Generated by org.testng.reporters.JUnitReportReporter -->
<testsuite skipped="0" hostname="ip-172-31-64-30" name="testNG.Testcase2" tests="2" failures="0" timestamp="14 Aug 2021 15:19:25 GMT" time="0.006" errors="0">
  <testcase name="CreditCardTest1" time="0.005" classname="testNG.Testcase2"/>
  <testcase name="HomeLoanTest3" time="0.001" classname="testNG.Testcase2"/>
</testsuite> <!-- testNG.Testcase2 -->
