<?xml version="1.0" encoding="UTF-8"?>
<!-- Generated by org.testng.reporters.JUnitReportReporter -->
<testsuite skipped="0" hostname="ip-172-31-64-30" name="test.LoginTest" tests="1" failures="0" timestamp="15 Aug 2021 15:20:42 GMT" time="4.939" errors="0">
  <testcase name="LoginFailiureTest" time="4.939" classname="test.LoginTest"/>
</testsuite> <!-- test.LoginTest -->
